[debug] [2022-04-18T16:16:50.821Z] ----------------------------------------------------------------------
[debug] [2022-04-18T16:16:50.823Z] Command:       C:\Program Files\nodejs\node.exe C:\Users\Arshad\AppData\Roaming\npm\node_modules\firebase-tools\lib\bin\firebase.js init
[debug] [2022-04-18T16:16:50.823Z] CLI Version:   10.6.0
[debug] [2022-04-18T16:16:50.823Z] Platform:      win32
[debug] [2022-04-18T16:16:50.823Z] Node Version:  v17.0.1
[debug] [2022-04-18T16:16:50.824Z] Time:          Mon Apr 18 2022 17:16:50 GMT+0100 (British Summer Time)
[debug] [2022-04-18T16:16:50.824Z] ----------------------------------------------------------------------
[debug] 
[debug] [2022-04-18T16:16:50.874Z] > command requires scopes: ["email","openid","https://www.googleapis.com/auth/cloudplatformprojects.readonly","https://www.googleapis.com/auth/firebase","https://www.googleapis.com/auth/cloud-platform"]
[debug] [2022-04-18T16:16:50.874Z] > authorizing via signed-in user (arshad.web.2022@gmail.com)
[info] 
     ######## #### ########  ######## ########     ###     ######  ########
     ##        ##  ##     ## ##       ##     ##  ##   ##  ##       ##
     ######    ##  ########  ######   ########  #########  ######  ######
     ##        ##  ##    ##  ##       ##     ## ##     ##       ## ##
     ##       #### ##     ## ######## ########  ##     ##  ######  ########

You're about to initialize a Firebase project in this directory:

  C:\Users\Arshad\Desktop\web-dev\ph\assignment-10\genius-car-service-direction-module-62-main\genius-car-service-direction-module-62-main

Before we get started, keep in mind:

  * You are initializing within an existing Firebase project directory

[info] 
=== Project Setup
[info] 
[info] First, let's associate this project directory with a Firebase project.
[info] You can create multiple project aliases by running firebase use --add, 
[info] but for now we'll just set up a default project.
[info] 
[debug] [2022-04-18T16:16:55.403Z] Using project from CLI flag: genius-car-services-18c77
[debug] [2022-04-18T16:16:55.405Z] >>> [apiv2][query] GET https://firebase.googleapis.com/v1beta1/projects/genius-car-services-18c77 [none]
[debug] [2022-04-18T16:16:55.836Z] <<< [apiv2][status] GET https://firebase.googleapis.com/v1beta1/projects/genius-car-services-18c77 403
[debug] [2022-04-18T16:16:55.836Z] <<< [apiv2][body] GET https://firebase.googleapis.com/v1beta1/projects/genius-car-services-18c77 {"error":{"code":403,"message":"The caller does not have permission","status":"PERMISSION_DENIED"}}
[debug] [2022-04-18T16:16:55.837Z] HTTP Error: 403, The caller does not have permission
[debug] [2022-04-18T16:16:56.088Z] FirebaseError: HTTP Error: 403, The caller does not have permission
    at module.exports (C:\Users\Arshad\AppData\Roaming\npm\node_modules\firebase-tools\lib\responseToError.js:47:12)
    at RetryOperation._fn (C:\Users\Arshad\AppData\Roaming\npm\node_modules\firebase-tools\lib\apiv2.js:286:39)
    at processTicksAndRejections (node:internal/process/task_queues:96:5)
[error] 
[error] Error: Failed to get Firebase project genius-car-services-18c77. Please make sure the project exists and your account has permission to access it.
